Hmm ... looks like a package
Converting parsed Rd's to LaTeX ...
Creating pdf output from LaTeX ...

This is pdfTeX, Version 3.141592653-2.6-1.40.27 (TeX Live 2025) (preloaded format=pdflatex)
 restricted \write18 enabled.
entering extended mode
LaTeX2e <2024-11-01> patch level 2
L3 programming layer <2025-04-14>
(./Rd2.tex
(/usr/local/texlive/2025/texmf-dist/tex/latex/base/book.cls
Document Class: book 2024/06/29 v1.4n Standard LaTeX document class
(/usr/local/texlive/2025/texmf-dist/tex/latex/base/bk10.clo))
(/Library/Frameworks/R.framework/Resources/share/texmf/tex/latex/Rd.sty
(/usr/local/texlive/2025/texmf-dist/tex/latex/base/ifthen.sty)
(/usr/local/texlive/2025/texmf-dist/tex/generic/iftex/iftex.sty)
(/usr/local/texlive/2025/texmf-dist/tex/latex/tools/longtable.sty)
(/usr/local/texlive/2025/texmf-dist/tex/latex/tools/bm.sty)
(/usr/local/texlive/2025/texmf-dist/tex/latex/base/alltt.sty)
(/usr/local/texlive/2025/texmf-dist/tex/latex/tools/verbatim.sty)
(/usr/local/texlive/2025/texmf-dist/tex/latex/url/url.sty)
(/usr/local/texlive/2025/texmf-dist/tex/latex/base/textcomp.sty)
(/usr/local/texlive/2025/texmf-dist/tex/latex/amsmath/amsmath.sty
For additional information on amsmath, use the `?' option.
(/usr/local/texlive/2025/texmf-dist/tex/latex/amsmath/amstext.sty
(/usr/local/texlive/2025/texmf-dist/tex/latex/amsmath/amsgen.sty))
(/usr/local/texlive/2025/texmf-dist/tex/latex/amsmath/amsbsy.sty)
(/usr/local/texlive/2025/texmf-dist/tex/latex/amsmath/amsopn.sty))
(/usr/local/texlive/2025/texmf-dist/tex/latex/amsfonts/amsfonts.sty)
(/usr/local/texlive/2025/texmf-dist/tex/latex/amsfonts/amssymb.sty)
(/usr/local/texlive/2025/texmf-dist/tex/latex/jknapltx/mathrsfs.sty)
(/usr/local/texlive/2025/texmf-dist/tex/latex/base/fontenc.sty)
(/usr/local/texlive/2025/texmf-dist/tex/latex/psnfss/times.sty)
(/usr/local/texlive/2025/texmf-dist/tex/latex/inconsolata/zi4.sty
`inconsolata-zi4' v1.12, 2019/05/17 Text macros for Inconsolata (msharpe)
(/usr/local/texlive/2025/texmf-dist/tex/latex/xkeyval/xkeyval.sty
(/usr/local/texlive/2025/texmf-dist/tex/generic/xkeyval/xkeyval.tex
(/usr/local/texlive/2025/texmf-dist/tex/generic/xkeyval/xkvutils.tex
(/usr/local/texlive/2025/texmf-dist/tex/generic/xkeyval/keyval.tex)))))
(/usr/local/texlive/2025/texmf-dist/tex/latex/graphics/color.sty
(/usr/local/texlive/2025/texmf-dist/tex/latex/graphics-cfg/color.cfg)
(/usr/local/texlive/2025/texmf-dist/tex/latex/graphics-def/pdftex.def)
(/usr/local/texlive/2025/texmf-dist/tex/latex/graphics/mathcolor.ltx))
(/usr/local/texlive/2025/texmf-dist/tex/latex/hyperref/hyperref.sty
(/usr/local/texlive/2025/texmf-dist/tex/latex/kvsetkeys/kvsetkeys.sty)
(/usr/local/texlive/2025/texmf-dist/tex/generic/kvdefinekeys/kvdefinekeys.sty)
(/usr/local/texlive/2025/texmf-dist/tex/generic/pdfescape/pdfescape.sty
(/usr/local/texlive/2025/texmf-dist/tex/generic/ltxcmds/ltxcmds.sty)
(/usr/local/texlive/2025/texmf-dist/tex/generic/pdftexcmds/pdftexcmds.sty
(/usr/local/texlive/2025/texmf-dist/tex/generic/infwarerr/infwarerr.sty)))
(/usr/local/texlive/2025/texmf-dist/tex/latex/hycolor/hycolor.sty)
(/usr/local/texlive/2025/texmf-dist/tex/latex/hyperref/nameref.sty
(/usr/local/texlive/2025/texmf-dist/tex/latex/refcount/refcount.sty)
(/usr/local/texlive/2025/texmf-dist/tex/generic/gettitlestring/gettitlestring.s
ty (/usr/local/texlive/2025/texmf-dist/tex/latex/kvoptions/kvoptions.sty)))
(/usr/local/texlive/2025/texmf-dist/tex/latex/etoolbox/etoolbox.sty)
(/usr/local/texlive/2025/texmf-dist/tex/generic/stringenc/stringenc.sty)
(/usr/local/texlive/2025/texmf-dist/tex/latex/hyperref/pd1enc.def)
(/usr/local/texlive/2025/texmf-dist/tex/generic/intcalc/intcalc.sty)
(/usr/local/texlive/2025/texmf-dist/tex/latex/hyperref/puenc.def)
(/usr/local/texlive/2025/texmf-dist/tex/generic/bitset/bitset.sty
(/usr/local/texlive/2025/texmf-dist/tex/generic/bigintcalc/bigintcalc.sty))
(/usr/local/texlive/2025/texmf-dist/tex/latex/base/atbegshi-ltx.sty))
(/usr/local/texlive/2025/texmf-dist/tex/latex/hyperref/hpdftex.def
(/usr/local/texlive/2025/texmf-dist/tex/latex/base/atveryend-ltx.sty)
(/usr/local/texlive/2025/texmf-dist/tex/latex/rerunfilecheck/rerunfilecheck.sty

(/usr/local/texlive/2025/texmf-dist/tex/generic/uniquecounter/uniquecounter.sty
)))) (/usr/local/texlive/2025/texmf-dist/tex/latex/base/makeidx.sty)
Writing index file Rd2.idx
(/usr/local/texlive/2025/texmf-dist/tex/latex/psnfss/t1ptm.fd)
(/usr/local/texlive/2025/texmf-dist/tex/latex/l3backend/l3backend-pdftex.def)
No file Rd2.aux.
(/usr/local/texlive/2025/texmf-dist/tex/context/base/mkii/supp-pdf.mkii
[Loading MPS to PDF converter (version 2006.09.02).]
) (/usr/local/texlive/2025/texmf-dist/tex/latex/inconsolata/t1zi4.fd)
No file Rd2.toc.
(/usr/local/texlive/2025/texmf-dist/tex/latex/amsfonts/umsa.fd)
(/usr/local/texlive/2025/texmf-dist/tex/latex/amsfonts/umsb.fd)
(/usr/local/texlive/2025/texmf-dist/tex/latex/jknapltx/ursfs.fd)
[1{/usr/local/texlive/2025/texmf-var/fonts/map/pdftex/updmap/pdftex.map}{/usr/l
ocal/texlive/2025/texmf-dist/fonts/enc/dvips/base/8r.enc}{/usr/local/texlive/20
25/texmf-dist/fonts/enc/dvips/inconsolata/i4-t1-0.enc}]
(/usr/local/texlive/2025/texmf-dist/tex/latex/psnfss/ts1ptm.fd)
[2]
[3]
[4]
[5]
[6]
[7]
[8]
[9]
[10]
[11]
[12]
[13]
[14]
[15]
[16]
[17]
[18]
[19]
Overfull \hbox (0.95804pt too wide) in paragraph at lines 1034--1035
[]\T1/ptm/m/n/10 Boolean in-di-cat-ing if the user al-ready pre-computed re-cei
ver in-de-gree and sender

[20]
[21] (/usr/local/texlive/2025/texmf-dist/tex/latex/inconsolata/ts1zi4.fd)
Underfull \vbox (badness 10000) has occurred while \output is active
[22{/usr/local/texlive/2025/texmf-dist/fonts/enc/dvips/inconsolata/i4-ts1.enc}]

[23]
Overfull \hbox (23.21648pt too wide) in paragraph at lines 1279--1279
 []\T1/zi4/m/n/9 #"We set T1/2 to 30 days so that an event counts as (close to)
 one in the very next instant of time,[] 

Overfull \hbox (24.71954pt too wide) in paragraph at lines 1280--1280
 []\T1/zi4/m/n/9 #it counts as 1/2 one month later, it counts as 1/4 two months
 after the event, and so on. To reduce[] 

Overfull \hbox (27.72568pt too wide) in paragraph at lines 1282--1282
 []\T1/zi4/m/n/9 #zero if its value drops below 0.01. If a single event occurre
d in some dyad this would happen after[] 

[24]
[25]
[26]
Overfull \hbox (24.73795pt too wide) in paragraph at lines 1446--1446
 []   \T1/zi4/m/n/9 observed_receiver = events$target, # variable (column) name
 that contains the receiver variable[] 

Overfull \hbox (24.73795pt too wide) in paragraph at lines 1456--1456
 []   \T1/zi4/m/n/9 observed_receiver = events$target, # variable (column) name
 that contains the receiver variable[] 

[27]
Overfull \hbox (24.73795pt too wide) in paragraph at lines 1473--1473
 []   \T1/zi4/m/n/9 observed_receiver = events$target, # variable (column) name
 that contains the receiver variable[] 

[28]
[29]
[30]
Overfull \hbox (6.73795pt too wide) in paragraph at lines 1642--1642
 []   \T1/zi4/m/n/9 observed_sender = events$sender, # variable (column) name t
hat contains the sender variable[] 

Overfull \hbox (24.73795pt too wide) in paragraph at lines 1643--1643
 []   \T1/zi4/m/n/9 observed_receiver = events$target, # variable (column) name
 that contains the receiver variable[] 

Overfull \hbox (6.73795pt too wide) in paragraph at lines 1654--1654
 []   \T1/zi4/m/n/9 observed_sender = events$sender, # variable (column) name t
hat contains the sender variable[] 

Overfull \hbox (24.73795pt too wide) in paragraph at lines 1655--1655
 []   \T1/zi4/m/n/9 observed_receiver = events$target, # variable (column) name
 that contains the receiver variable[] 

Underfull \vbox (badness 10000) has occurred while \output is active
[31]
Overfull \hbox (6.73795pt too wide) in paragraph at lines 1673--1673
 []   \T1/zi4/m/n/9 observed_sender = events$sender, # variable (column) name t
hat contains the sender variable[] 

Overfull \hbox (24.73795pt too wide) in paragraph at lines 1674--1674
 []   \T1/zi4/m/n/9 observed_receiver = events$target, # variable (column) name
 that contains the receiver variable[] 

[32]
[33]
[34]
Overfull \hbox (6.73795pt too wide) in paragraph at lines 1847--1847
 []   \T1/zi4/m/n/9 observed_sender = events$sender, # variable (column) name t
hat contains the sender variable[] 

Overfull \hbox (24.73795pt too wide) in paragraph at lines 1848--1848
 []   \T1/zi4/m/n/9 observed_receiver = events$target, # variable (column) name
 that contains the receiver variable[] 

Overfull \hbox (6.73795pt too wide) in paragraph at lines 1859--1859
 []   \T1/zi4/m/n/9 observed_sender = events$sender, # variable (column) name t
hat contains the sender variable[] 

Overfull \hbox (24.73795pt too wide) in paragraph at lines 1860--1860
 []   \T1/zi4/m/n/9 observed_receiver = events$target, # variable (column) name
 that contains the receiver variable[] 

Overfull \hbox (6.73795pt too wide) in paragraph at lines 1878--1878
 []   \T1/zi4/m/n/9 observed_sender = events$sender, # variable (column) name t
hat contains the sender variable[] 

Overfull \hbox (24.73795pt too wide) in paragraph at lines 1879--1879
 []   \T1/zi4/m/n/9 observed_receiver = events$target, # variable (column) name
 that contains the receiver variable[] 

Underfull \vbox (badness 10000) has occurred while \output is active
[35]
[36]
[37]
[38]
Overfull \hbox (6.73795pt too wide) in paragraph at lines 2057--2057
 []   \T1/zi4/m/n/9 observed_sender = events$sender, # variable (column) name t
hat contains the sender variable[] 

Overfull \hbox (24.73795pt too wide) in paragraph at lines 2058--2058
 []   \T1/zi4/m/n/9 observed_receiver = events$target, # variable (column) name
 that contains the receiver variable[] 

Overfull \hbox (6.73795pt too wide) in paragraph at lines 2069--2069
 []   \T1/zi4/m/n/9 observed_sender = events$sender, # variable (column) name t
hat contains the sender variable[] 

Overfull \hbox (24.73795pt too wide) in paragraph at lines 2070--2070
 []   \T1/zi4/m/n/9 observed_receiver = events$target, # variable (column) name
 that contains the receiver variable[] 

Overfull \hbox (6.73795pt too wide) in paragraph at lines 2088--2088
 []   \T1/zi4/m/n/9 observed_sender = events$sender, # variable (column) name t
hat contains the sender variable[] 

Overfull \hbox (24.73795pt too wide) in paragraph at lines 2089--2089
 []   \T1/zi4/m/n/9 observed_receiver = events$target, # variable (column) name
 that contains the receiver variable[] 

Underfull \vbox (badness 10000) has occurred while \output is active
[39]
[40]
[41]
[42]
Overfull \hbox (6.73795pt too wide) in paragraph at lines 2263--2263
 []   \T1/zi4/m/n/9 observed_sender = events$sender, # variable (column) name t
hat contains the sender variable[] 

Overfull \hbox (24.73795pt too wide) in paragraph at lines 2264--2264
 []   \T1/zi4/m/n/9 observed_receiver = events$target, # variable (column) name
 that contains the receiver variable[] 

Overfull \hbox (6.73795pt too wide) in paragraph at lines 2275--2275
 []   \T1/zi4/m/n/9 observed_sender = events$sender, # variable (column) name t
hat contains the sender variable[] 

Overfull \hbox (24.73795pt too wide) in paragraph at lines 2276--2276
 []   \T1/zi4/m/n/9 observed_receiver = events$target, # variable (column) name
 that contains the receiver variable[] 

Overfull \hbox (6.73795pt too wide) in paragraph at lines 2294--2294
 []   \T1/zi4/m/n/9 observed_sender = events$sender, # variable (column) name t
hat contains the sender variable[] 

Overfull \hbox (24.73795pt too wide) in paragraph at lines 2295--2295
 []   \T1/zi4/m/n/9 observed_receiver = events$target, # variable (column) name
 that contains the receiver variable[] 

[43]
[44]
[45]
Overfull \hbox (6.73795pt too wide) in paragraph at lines 2469--2469
 []   \T1/zi4/m/n/9 observed_sender = events$sender, # variable (column) name t
hat contains the sender variable[] 

Overfull \hbox (24.73795pt too wide) in paragraph at lines 2470--2470
 []   \T1/zi4/m/n/9 observed_receiver = events$target, # variable (column) name
 that contains the receiver variable[] 

[46]
Overfull \hbox (6.73795pt too wide) in paragraph at lines 2481--2481
 []   \T1/zi4/m/n/9 observed_sender = events$sender, # variable (column) name t
hat contains the sender variable[] 

Overfull \hbox (24.73795pt too wide) in paragraph at lines 2482--2482
 []   \T1/zi4/m/n/9 observed_receiver = events$target, # variable (column) name
 that contains the receiver variable[] 

Overfull \hbox (6.73795pt too wide) in paragraph at lines 2500--2500
 []   \T1/zi4/m/n/9 observed_sender = events$sender, # variable (column) name t
hat contains the sender variable[] 

Overfull \hbox (24.73795pt too wide) in paragraph at lines 2501--2501
 []   \T1/zi4/m/n/9 observed_receiver = events$target, # variable (column) name
 that contains the receiver variable[] 

[47]
[48]
[49]
Overfull \hbox (6.73795pt too wide) in paragraph at lines 2671--2671
 []   \T1/zi4/m/n/9 observed_sender = events$sender, # variable (column) name t
hat contains the sender variable[] 

Overfull \hbox (24.73795pt too wide) in paragraph at lines 2672--2672
 []   \T1/zi4/m/n/9 observed_receiver = events$target, # variable (column) name
 that contains the receiver variable[] 

Overfull \hbox (6.73795pt too wide) in paragraph at lines 2683--2683
 []   \T1/zi4/m/n/9 observed_sender = events$sender, # variable (column) name t
hat contains the sender variable[] 

Overfull \hbox (24.73795pt too wide) in paragraph at lines 2684--2684
 []   \T1/zi4/m/n/9 observed_receiver = events$target, # variable (column) name
 that contains the receiver variable[] 

[50]
Overfull \hbox (6.73795pt too wide) in paragraph at lines 2702--2702
 []   \T1/zi4/m/n/9 observed_sender = events$sender, # variable (column) name t
hat contains the sender variable[] 

Overfull \hbox (24.73795pt too wide) in paragraph at lines 2703--2703
 []   \T1/zi4/m/n/9 observed_receiver = events$target, # variable (column) name
 that contains the receiver variable[] 

[51]
[52]
[53]
Overfull \hbox (6.73795pt too wide) in paragraph at lines 2867--2867
 []   \T1/zi4/m/n/9 observed_sender = events$sender, # variable (column) name t
hat contains the sender variable[] 

Overfull \hbox (6.73795pt too wide) in paragraph at lines 2877--2877
 []   \T1/zi4/m/n/9 observed_sender = events$sender, # variable (column) name t
hat contains the sender variable[] 

Overfull \hbox (6.73795pt too wide) in paragraph at lines 2894--2894
 []   \T1/zi4/m/n/9 observed_sender = events$sender, # variable (column) name t
hat contains the sender variable[] 

[54]
[55]
[56]
Underfull \vbox (badness 10000) has occurred while \output is active
[57]
[58]
[59]
[60]
Underfull \vbox (badness 10000) has occurred while \output is active
[61]
[62]
[63]
[64]
[65]
Overfull \hbox (18.74408pt too wide) in paragraph at lines 3464--3464
 [] \T1/zi4/m/n/9 observed_receiver = events$target, # variable (column) name t
hat contains the receiver variable[] 

Overfull \hbox (18.74408pt too wide) in paragraph at lines 3478--3478
 [] \T1/zi4/m/n/9 observed_receiver = events$target, # variable (column) name t
hat contains the receiver variable[] 

Underfull \vbox (badness 10000) has occurred while \output is active
[66]
[67]
[68]
[69]
Overfull \hbox (6.73795pt too wide) in paragraph at lines 3707--3707
 []   \T1/zi4/m/n/9 observed_sender = events$sender, # variable (column) name t
hat contains the sender variable[] 

Overfull \hbox (24.73795pt too wide) in paragraph at lines 3708--3708
 []   \T1/zi4/m/n/9 observed_receiver = events$target, # variable (column) name
 that contains the receiver variable[] 

Overfull \hbox (6.73795pt too wide) in paragraph at lines 3719--3719
 []   \T1/zi4/m/n/9 observed_sender = events$sender, # variable (column) name t
hat contains the sender variable[] 

Overfull \hbox (24.73795pt too wide) in paragraph at lines 3720--3720
 []   \T1/zi4/m/n/9 observed_receiver = events$target, # variable (column) name
 that contains the receiver variable[] 

Underfull \vbox (badness 10000) has occurred while \output is active
[70]
Overfull \hbox (6.73795pt too wide) in paragraph at lines 3738--3738
 []   \T1/zi4/m/n/9 observed_sender = events$sender, # variable (column) name t
hat contains the sender variable[] 

Overfull \hbox (24.73795pt too wide) in paragraph at lines 3739--3739
 []   \T1/zi4/m/n/9 observed_receiver = events$target, # variable (column) name
 that contains the receiver variable[] 

[71]
[72]
[73]
[74]
[75]
[76]
Overfull \hbox (6.73795pt too wide) in paragraph at lines 4105--4105
 []   \T1/zi4/m/n/9 observed_sender = events$sender, # variable (column) name t
hat contains the sender variable[] 

Overfull \hbox (24.73795pt too wide) in paragraph at lines 4106--4106
 []   \T1/zi4/m/n/9 observed_receiver = events$target, # variable (column) name
 that contains the receiver variable[] 

[77]
Overfull \hbox (6.73795pt too wide) in paragraph at lines 4117--4117
 []   \T1/zi4/m/n/9 observed_sender = events$sender, # variable (column) name t
hat contains the sender variable[] 

Overfull \hbox (24.73795pt too wide) in paragraph at lines 4118--4118
 []   \T1/zi4/m/n/9 observed_receiver = events$target, # variable (column) name
 that contains the receiver variable[] 

Overfull \hbox (6.73795pt too wide) in paragraph at lines 4136--4136
 []   \T1/zi4/m/n/9 observed_sender = events$sender, # variable (column) name t
hat contains the sender variable[] 

Overfull \hbox (24.73795pt too wide) in paragraph at lines 4137--4137
 []   \T1/zi4/m/n/9 observed_receiver = events$target, # variable (column) name
 that contains the receiver variable[] 

[78]
[79]
[80]
[81]
[82]
[83]
[84]
[85]
[86]
[87]
[88]
Overfull \hbox (11.24715pt too wide) in paragraph at lines 4733--4733
 []\T1/zi4/m/n/9 tm.redundancy(BCNet) #this values replicate those reported by 
Burchard and Cornwell (2018: 14)[] 

[89]
No file Rd2.ind.

[90]
(/private/var/folders/xn/b123w0g13xl183z3_j397jhm0000gn/T/RtmpIWjxUY/Rd2pdf2217
14edbb67/Rd2.aux)

Package rerunfilecheck Warning: File `Rd2.out' has changed.
(rerunfilecheck)                Rerun to get outlines right
(rerunfilecheck)                or use package `bookmark'.

 )
(see the transcript file for additional information)</usr/local/texlive/2025/te
xmf-dist/fonts/type1/public/inconsolata/Inconsolata-zi4r.pfb></usr/local/texliv
e/2025/texmf-dist/fonts/type1/public/amsfonts/cm/cmex10.pfb></usr/local/texlive
/2025/texmf-dist/fonts/type1/public/amsfonts/cmextra/cmex7.pfb></usr/local/texl
ive/2025/texmf-dist/fonts/type1/public/amsfonts/cm/cmmi10.pfb></usr/local/texli
ve/2025/texmf-dist/fonts/type1/public/amsfonts/cm/cmmi5.pfb></usr/local/texlive
/2025/texmf-dist/fonts/type1/public/amsfonts/cm/cmmi7.pfb></usr/local/texlive/2
025/texmf-dist/fonts/type1/public/amsfonts/cm/cmr10.pfb></usr/local/texlive/202
5/texmf-dist/fonts/type1/public/amsfonts/cm/cmr5.pfb></usr/local/texlive/2025/t
exmf-dist/fonts/type1/public/amsfonts/cm/cmr7.pfb></usr/local/texlive/2025/texm
f-dist/fonts/type1/public/amsfonts/cm/cmsy10.pfb></usr/local/texlive/2025/texmf
-dist/fonts/type1/public/amsfonts/cm/cmsy5.pfb></usr/local/texlive/2025/texmf-d
ist/fonts/type1/public/amsfonts/cm/cmsy7.pfb></usr/local/texlive/2025/texmf-dis
t/fonts/type1/urw/times/utmb8a.pfb></usr/local/texlive/2025/texmf-dist/fonts/ty
pe1/urw/times/utmr8a.pfb></usr/local/texlive/2025/texmf-dist/fonts/type1/urw/ti
mes/utmr8a.pfb></usr/local/texlive/2025/texmf-dist/fonts/type1/urw/times/utmri8
a.pfb>
Output written on Rd2.pdf (90 pages, 389600 bytes).
Transcript written on Rd2.log.
This is makeindex, version 2.17 [TeX Live 2025] (kpathsea + Thai support).
Scanning input file Rd2.idx....done (50 entries accepted, 0 rejected).
Sorting entries....done (308 comparisons).
Generating output file Rd2.ind....done (74 lines written, 0 warnings).
Output written in Rd2.ind.
Transcript written in Rd2.ilg.
This is pdfTeX, Version 3.141592653-2.6-1.40.27 (TeX Live 2025) (preloaded format=pdflatex)
 restricted \write18 enabled.
entering extended mode
LaTeX2e <2024-11-01> patch level 2
L3 programming layer <2025-04-14>
(./Rd2.tex
(/usr/local/texlive/2025/texmf-dist/tex/latex/base/book.cls
Document Class: book 2024/06/29 v1.4n Standard LaTeX document class
(/usr/local/texlive/2025/texmf-dist/tex/latex/base/bk10.clo))
(/Library/Frameworks/R.framework/Resources/share/texmf/tex/latex/Rd.sty
(/usr/local/texlive/2025/texmf-dist/tex/latex/base/ifthen.sty)
(/usr/local/texlive/2025/texmf-dist/tex/generic/iftex/iftex.sty)
(/usr/local/texlive/2025/texmf-dist/tex/latex/tools/longtable.sty)
(/usr/local/texlive/2025/texmf-dist/tex/latex/tools/bm.sty)
(/usr/local/texlive/2025/texmf-dist/tex/latex/base/alltt.sty)
(/usr/local/texlive/2025/texmf-dist/tex/latex/tools/verbatim.sty)
(/usr/local/texlive/2025/texmf-dist/tex/latex/url/url.sty)
(/usr/local/texlive/2025/texmf-dist/tex/latex/base/textcomp.sty)
(/usr/local/texlive/2025/texmf-dist/tex/latex/amsmath/amsmath.sty
For additional information on amsmath, use the `?' option.
(/usr/local/texlive/2025/texmf-dist/tex/latex/amsmath/amstext.sty
(/usr/local/texlive/2025/texmf-dist/tex/latex/amsmath/amsgen.sty))
(/usr/local/texlive/2025/texmf-dist/tex/latex/amsmath/amsbsy.sty)
(/usr/local/texlive/2025/texmf-dist/tex/latex/amsmath/amsopn.sty))
(/usr/local/texlive/2025/texmf-dist/tex/latex/amsfonts/amsfonts.sty)
(/usr/local/texlive/2025/texmf-dist/tex/latex/amsfonts/amssymb.sty)
(/usr/local/texlive/2025/texmf-dist/tex/latex/jknapltx/mathrsfs.sty)
(/usr/local/texlive/2025/texmf-dist/tex/latex/base/fontenc.sty)
(/usr/local/texlive/2025/texmf-dist/tex/latex/psnfss/times.sty)
(/usr/local/texlive/2025/texmf-dist/tex/latex/inconsolata/zi4.sty
`inconsolata-zi4' v1.12, 2019/05/17 Text macros for Inconsolata (msharpe)
(/usr/local/texlive/2025/texmf-dist/tex/latex/xkeyval/xkeyval.sty
(/usr/local/texlive/2025/texmf-dist/tex/generic/xkeyval/xkeyval.tex
(/usr/local/texlive/2025/texmf-dist/tex/generic/xkeyval/xkvutils.tex
(/usr/local/texlive/2025/texmf-dist/tex/generic/xkeyval/keyval.tex)))))
(/usr/local/texlive/2025/texmf-dist/tex/latex/graphics/color.sty
(/usr/local/texlive/2025/texmf-dist/tex/latex/graphics-cfg/color.cfg)
(/usr/local/texlive/2025/texmf-dist/tex/latex/graphics-def/pdftex.def)
(/usr/local/texlive/2025/texmf-dist/tex/latex/graphics/mathcolor.ltx))
(/usr/local/texlive/2025/texmf-dist/tex/latex/hyperref/hyperref.sty
(/usr/local/texlive/2025/texmf-dist/tex/latex/kvsetkeys/kvsetkeys.sty)
(/usr/local/texlive/2025/texmf-dist/tex/generic/kvdefinekeys/kvdefinekeys.sty)
(/usr/local/texlive/2025/texmf-dist/tex/generic/pdfescape/pdfescape.sty
(/usr/local/texlive/2025/texmf-dist/tex/generic/ltxcmds/ltxcmds.sty)
(/usr/local/texlive/2025/texmf-dist/tex/generic/pdftexcmds/pdftexcmds.sty
(/usr/local/texlive/2025/texmf-dist/tex/generic/infwarerr/infwarerr.sty)))
(/usr/local/texlive/2025/texmf-dist/tex/latex/hycolor/hycolor.sty)
(/usr/local/texlive/2025/texmf-dist/tex/latex/hyperref/nameref.sty
(/usr/local/texlive/2025/texmf-dist/tex/latex/refcount/refcount.sty)
(/usr/local/texlive/2025/texmf-dist/tex/generic/gettitlestring/gettitlestring.s
ty (/usr/local/texlive/2025/texmf-dist/tex/latex/kvoptions/kvoptions.sty)))
(/usr/local/texlive/2025/texmf-dist/tex/latex/etoolbox/etoolbox.sty)
(/usr/local/texlive/2025/texmf-dist/tex/generic/stringenc/stringenc.sty)
(/usr/local/texlive/2025/texmf-dist/tex/latex/hyperref/pd1enc.def)
(/usr/local/texlive/2025/texmf-dist/tex/generic/intcalc/intcalc.sty)
(/usr/local/texlive/2025/texmf-dist/tex/latex/hyperref/puenc.def)
(/usr/local/texlive/2025/texmf-dist/tex/generic/bitset/bitset.sty
(/usr/local/texlive/2025/texmf-dist/tex/generic/bigintcalc/bigintcalc.sty))
(/usr/local/texlive/2025/texmf-dist/tex/latex/base/atbegshi-ltx.sty))
(/usr/local/texlive/2025/texmf-dist/tex/latex/hyperref/hpdftex.def
(/usr/local/texlive/2025/texmf-dist/tex/latex/base/atveryend-ltx.sty)
(/usr/local/texlive/2025/texmf-dist/tex/latex/rerunfilecheck/rerunfilecheck.sty

(/usr/local/texlive/2025/texmf-dist/tex/generic/uniquecounter/uniquecounter.sty
)))) (/usr/local/texlive/2025/texmf-dist/tex/latex/base/makeidx.sty)
Writing index file Rd2.idx
(/usr/local/texlive/2025/texmf-dist/tex/latex/psnfss/t1ptm.fd)
(/usr/local/texlive/2025/texmf-dist/tex/latex/l3backend/l3backend-pdftex.def)
(/private/var/folders/xn/b123w0g13xl183z3_j397jhm0000gn/T/RtmpIWjxUY/Rd2pdf2217
14edbb67/Rd2.aux)
(/usr/local/texlive/2025/texmf-dist/tex/context/base/mkii/supp-pdf.mkii
[Loading MPS to PDF converter (version 2006.09.02).]
)
(/private/var/folders/xn/b123w0g13xl183z3_j397jhm0000gn/T/RtmpIWjxUY/Rd2pdf2217
14edbb67/Rd2.out)
(/private/var/folders/xn/b123w0g13xl183z3_j397jhm0000gn/T/RtmpIWjxUY/Rd2pdf2217
14edbb67/Rd2.out)
(/usr/local/texlive/2025/texmf-dist/tex/latex/inconsolata/t1zi4.fd)
(/private/var/folders/xn/b123w0g13xl183z3_j397jhm0000gn/T/RtmpIWjxUY/Rd2pdf2217
14edbb67/Rd2.toc (/usr/local/texlive/2025/texmf-dist/tex/latex/amsfonts/umsa.fd
) (/usr/local/texlive/2025/texmf-dist/tex/latex/amsfonts/umsb.fd)
(/usr/local/texlive/2025/texmf-dist/tex/latex/jknapltx/ursfs.fd)
[1{/usr/local/texlive/2025/texmf-var/fonts/map/pdftex/updmap/pdftex.map}{/usr/l
ocal/texlive/2025/texmf-dist/fonts/enc/dvips/base/8r.enc}{/usr/local/texlive/20
25/texmf-dist/fonts/enc/dvips/inconsolata/i4-t1-0.enc}])
[2] (/usr/local/texlive/2025/texmf-dist/tex/latex/psnfss/ts1ptm.fd)
[3]
[4]
[5]
[6]
[7]
[8]
[9]
[10]
[11]
[12]
[13]
[14]
[15]
[16]
[17]
[18]
[19]
Overfull \hbox (0.95804pt too wide) in paragraph at lines 1034--1035
[]\T1/ptm/m/n/10 Boolean in-di-cat-ing if the user al-ready pre-computed re-cei
ver in-de-gree and sender

[20]
[21]
[22] (/usr/local/texlive/2025/texmf-dist/tex/latex/inconsolata/ts1zi4.fd)
[23{/usr/local/texlive/2025/texmf-dist/fonts/enc/dvips/inconsolata/i4-ts1.enc}]

[24]
Overfull \hbox (23.21648pt too wide) in paragraph at lines 1279--1279
 []\T1/zi4/m/n/9 #"We set T1/2 to 30 days so that an event counts as (close to)
 one in the very next instant of time,[] 

Overfull \hbox (24.71954pt too wide) in paragraph at lines 1280--1280
 []\T1/zi4/m/n/9 #it counts as 1/2 one month later, it counts as 1/4 two months
 after the event, and so on. To reduce[] 

Overfull \hbox (27.72568pt too wide) in paragraph at lines 1282--1282
 []\T1/zi4/m/n/9 #zero if its value drops below 0.01. If a single event occurre
d in some dyad this would happen after[] 

[25]
[26]
[27]
Overfull \hbox (24.73795pt too wide) in paragraph at lines 1446--1446
 []   \T1/zi4/m/n/9 observed_receiver = events$target, # variable (column) name
 that contains the receiver variable[] 

Overfull \hbox (24.73795pt too wide) in paragraph at lines 1456--1456
 []   \T1/zi4/m/n/9 observed_receiver = events$target, # variable (column) name
 that contains the receiver variable[] 

Overfull \hbox (24.73795pt too wide) in paragraph at lines 1473--1473
 []   \T1/zi4/m/n/9 observed_receiver = events$target, # variable (column) name
 that contains the receiver variable[] 

Underfull \vbox (badness 10000) has occurred while \output is active
[28]
[29]
[30]
Overfull \hbox (6.73795pt too wide) in paragraph at lines 1642--1642
 []   \T1/zi4/m/n/9 observed_sender = events$sender, # variable (column) name t
hat contains the sender variable[] 

Overfull \hbox (24.73795pt too wide) in paragraph at lines 1643--1643
 []   \T1/zi4/m/n/9 observed_receiver = events$target, # variable (column) name
 that contains the receiver variable[] 

[31]
Overfull \hbox (6.73795pt too wide) in paragraph at lines 1654--1654
 []   \T1/zi4/m/n/9 observed_sender = events$sender, # variable (column) name t
hat contains the sender variable[] 

Overfull \hbox (24.73795pt too wide) in paragraph at lines 1655--1655
 []   \T1/zi4/m/n/9 observed_receiver = events$target, # variable (column) name
 that contains the receiver variable[] 

Overfull \hbox (6.73795pt too wide) in paragraph at lines 1673--1673
 []   \T1/zi4/m/n/9 observed_sender = events$sender, # variable (column) name t
hat contains the sender variable[] 

Overfull \hbox (24.73795pt too wide) in paragraph at lines 1674--1674
 []   \T1/zi4/m/n/9 observed_receiver = events$target, # variable (column) name
 that contains the receiver variable[] 

[32]
[33]
[34]
Overfull \hbox (6.73795pt too wide) in paragraph at lines 1847--1847
 []   \T1/zi4/m/n/9 observed_sender = events$sender, # variable (column) name t
hat contains the sender variable[] 

Overfull \hbox (24.73795pt too wide) in paragraph at lines 1848--1848
 []   \T1/zi4/m/n/9 observed_receiver = events$target, # variable (column) name
 that contains the receiver variable[] 

[35]
Overfull \hbox (6.73795pt too wide) in paragraph at lines 1859--1859
 []   \T1/zi4/m/n/9 observed_sender = events$sender, # variable (column) name t
hat contains the sender variable[] 

Overfull \hbox (24.73795pt too wide) in paragraph at lines 1860--1860
 []   \T1/zi4/m/n/9 observed_receiver = events$target, # variable (column) name
 that contains the receiver variable[] 

Overfull \hbox (6.73795pt too wide) in paragraph at lines 1878--1878
 []   \T1/zi4/m/n/9 observed_sender = events$sender, # variable (column) name t
hat contains the sender variable[] 

Overfull \hbox (24.73795pt too wide) in paragraph at lines 1879--1879
 []   \T1/zi4/m/n/9 observed_receiver = events$target, # variable (column) name
 that contains the receiver variable[] 

[36]
[37]
[38]
Overfull \hbox (6.73795pt too wide) in paragraph at lines 2057--2057
 []   \T1/zi4/m/n/9 observed_sender = events$sender, # variable (column) name t
hat contains the sender variable[] 

Overfull \hbox (24.73795pt too wide) in paragraph at lines 2058--2058
 []   \T1/zi4/m/n/9 observed_receiver = events$target, # variable (column) name
 that contains the receiver variable[] 

[39]
Overfull \hbox (6.73795pt too wide) in paragraph at lines 2069--2069
 []   \T1/zi4/m/n/9 observed_sender = events$sender, # variable (column) name t
hat contains the sender variable[] 

Overfull \hbox (24.73795pt too wide) in paragraph at lines 2070--2070
 []   \T1/zi4/m/n/9 observed_receiver = events$target, # variable (column) name
 that contains the receiver variable[] 

Overfull \hbox (6.73795pt too wide) in paragraph at lines 2088--2088
 []   \T1/zi4/m/n/9 observed_sender = events$sender, # variable (column) name t
hat contains the sender variable[] 

Overfull \hbox (24.73795pt too wide) in paragraph at lines 2089--2089
 []   \T1/zi4/m/n/9 observed_receiver = events$target, # variable (column) name
 that contains the receiver variable[] 

[40]
[41]
[42]
Overfull \hbox (6.73795pt too wide) in paragraph at lines 2263--2263
 []   \T1/zi4/m/n/9 observed_sender = events$sender, # variable (column) name t
hat contains the sender variable[] 

Overfull \hbox (24.73795pt too wide) in paragraph at lines 2264--2264
 []   \T1/zi4/m/n/9 observed_receiver = events$target, # variable (column) name
 that contains the receiver variable[] 

Overfull \hbox (6.73795pt too wide) in paragraph at lines 2275--2275
 []   \T1/zi4/m/n/9 observed_sender = events$sender, # variable (column) name t
hat contains the sender variable[] 

Overfull \hbox (24.73795pt too wide) in paragraph at lines 2276--2276
 []   \T1/zi4/m/n/9 observed_receiver = events$target, # variable (column) name
 that contains the receiver variable[] 

[43]
Overfull \hbox (6.73795pt too wide) in paragraph at lines 2294--2294
 []   \T1/zi4/m/n/9 observed_sender = events$sender, # variable (column) name t
hat contains the sender variable[] 

Overfull \hbox (24.73795pt too wide) in paragraph at lines 2295--2295
 []   \T1/zi4/m/n/9 observed_receiver = events$target, # variable (column) name
 that contains the receiver variable[] 

[44]
[45]
[46]
Overfull \hbox (6.73795pt too wide) in paragraph at lines 2469--2469
 []   \T1/zi4/m/n/9 observed_sender = events$sender, # variable (column) name t
hat contains the sender variable[] 

Overfull \hbox (24.73795pt too wide) in paragraph at lines 2470--2470
 []   \T1/zi4/m/n/9 observed_receiver = events$target, # variable (column) name
 that contains the receiver variable[] 

Overfull \hbox (6.73795pt too wide) in paragraph at lines 2481--2481
 []   \T1/zi4/m/n/9 observed_sender = events$sender, # variable (column) name t
hat contains the sender variable[] 

Overfull \hbox (24.73795pt too wide) in paragraph at lines 2482--2482
 []   \T1/zi4/m/n/9 observed_receiver = events$target, # variable (column) name
 that contains the receiver variable[] 

Underfull \vbox (badness 10000) has occurred while \output is active
[47]
Overfull \hbox (6.73795pt too wide) in paragraph at lines 2500--2500
 []   \T1/zi4/m/n/9 observed_sender = events$sender, # variable (column) name t
hat contains the sender variable[] 

Overfull \hbox (24.73795pt too wide) in paragraph at lines 2501--2501
 []   \T1/zi4/m/n/9 observed_receiver = events$target, # variable (column) name
 that contains the receiver variable[] 

[48]
[49]
[50]
Overfull \hbox (6.73795pt too wide) in paragraph at lines 2671--2671
 []   \T1/zi4/m/n/9 observed_sender = events$sender, # variable (column) name t
hat contains the sender variable[] 

Overfull \hbox (24.73795pt too wide) in paragraph at lines 2672--2672
 []   \T1/zi4/m/n/9 observed_receiver = events$target, # variable (column) name
 that contains the receiver variable[] 

Overfull \hbox (6.73795pt too wide) in paragraph at lines 2683--2683
 []   \T1/zi4/m/n/9 observed_sender = events$sender, # variable (column) name t
hat contains the sender variable[] 

Overfull \hbox (24.73795pt too wide) in paragraph at lines 2684--2684
 []   \T1/zi4/m/n/9 observed_receiver = events$target, # variable (column) name
 that contains the receiver variable[] 

Overfull \hbox (6.73795pt too wide) in paragraph at lines 2702--2702
 []   \T1/zi4/m/n/9 observed_sender = events$sender, # variable (column) name t
hat contains the sender variable[] 

Overfull \hbox (24.73795pt too wide) in paragraph at lines 2703--2703
 []   \T1/zi4/m/n/9 observed_receiver = events$target, # variable (column) name
 that contains the receiver variable[] 

Underfull \vbox (badness 10000) has occurred while \output is active
[51]
[52]
[53]
Overfull \hbox (6.73795pt too wide) in paragraph at lines 2867--2867
 []   \T1/zi4/m/n/9 observed_sender = events$sender, # variable (column) name t
hat contains the sender variable[] 

Overfull \hbox (6.73795pt too wide) in paragraph at lines 2877--2877
 []   \T1/zi4/m/n/9 observed_sender = events$sender, # variable (column) name t
hat contains the sender variable[] 

[54]
Overfull \hbox (6.73795pt too wide) in paragraph at lines 2894--2894
 []   \T1/zi4/m/n/9 observed_sender = events$sender, # variable (column) name t
hat contains the sender variable[] 

[55]
[56]
[57]
[58]
[59]
[60]
[61]
Underfull \vbox (badness 10000) has occurred while \output is active
[62]
[63]
[64]
[65]
Overfull \hbox (18.74408pt too wide) in paragraph at lines 3464--3464
 [] \T1/zi4/m/n/9 observed_receiver = events$target, # variable (column) name t
hat contains the receiver variable[] 

[66]
Overfull \hbox (18.74408pt too wide) in paragraph at lines 3478--3478
 [] \T1/zi4/m/n/9 observed_receiver = events$target, # variable (column) name t
hat contains the receiver variable[] 

Underfull \vbox (badness 10000) has occurred while \output is active
[67]
[68]
[69]
[70]
Overfull \hbox (6.73795pt too wide) in paragraph at lines 3707--3707
 []   \T1/zi4/m/n/9 observed_sender = events$sender, # variable (column) name t
hat contains the sender variable[] 

Overfull \hbox (24.73795pt too wide) in paragraph at lines 3708--3708
 []   \T1/zi4/m/n/9 observed_receiver = events$target, # variable (column) name
 that contains the receiver variable[] 

Overfull \hbox (6.73795pt too wide) in paragraph at lines 3719--3719
 []   \T1/zi4/m/n/9 observed_sender = events$sender, # variable (column) name t
hat contains the sender variable[] 

Overfull \hbox (24.73795pt too wide) in paragraph at lines 3720--3720
 []   \T1/zi4/m/n/9 observed_receiver = events$target, # variable (column) name
 that contains the receiver variable[] 

Overfull \hbox (6.73795pt too wide) in paragraph at lines 3738--3738
 []   \T1/zi4/m/n/9 observed_sender = events$sender, # variable (column) name t
hat contains the sender variable[] 

Overfull \hbox (24.73795pt too wide) in paragraph at lines 3739--3739
 []   \T1/zi4/m/n/9 observed_receiver = events$target, # variable (column) name
 that contains the receiver variable[] 

Underfull \vbox (badness 10000) has occurred while \output is active
[71]
[72]
[73]
[74]
[75]
[76]
[77]
Overfull \hbox (6.73795pt too wide) in paragraph at lines 4105--4105
 []   \T1/zi4/m/n/9 observed_sender = events$sender, # variable (column) name t
hat contains the sender variable[] 

Overfull \hbox (24.73795pt too wide) in paragraph at lines 4106--4106
 []   \T1/zi4/m/n/9 observed_receiver = events$target, # variable (column) name
 that contains the receiver variable[] 

Overfull \hbox (6.73795pt too wide) in paragraph at lines 4117--4117
 []   \T1/zi4/m/n/9 observed_sender = events$sender, # variable (column) name t
hat contains the sender variable[] 

Overfull \hbox (24.73795pt too wide) in paragraph at lines 4118--4118
 []   \T1/zi4/m/n/9 observed_receiver = events$target, # variable (column) name
 that contains the receiver variable[] 

[78]
Overfull \hbox (6.73795pt too wide) in paragraph at lines 4136--4136
 []   \T1/zi4/m/n/9 observed_sender = events$sender, # variable (column) name t
hat contains the sender variable[] 

Overfull \hbox (24.73795pt too wide) in paragraph at lines 4137--4137
 []   \T1/zi4/m/n/9 observed_receiver = events$target, # variable (column) name
 that contains the receiver variable[] 

[79]
[80]
[81]
[82]
[83]
[84]
[85]
[86]
[87]
[88]
Overfull \hbox (11.24715pt too wide) in paragraph at lines 4733--4733
 []\T1/zi4/m/n/9 tm.redundancy(BCNet) #this values replicate those reported by 
Burchard and Cornwell (2018: 14)[] 

[89]
[90]
(/private/var/folders/xn/b123w0g13xl183z3_j397jhm0000gn/T/RtmpIWjxUY/Rd2pdf2217
14edbb67/Rd2.ind
[91]

LaTeX Font Warning: Font shape `T1/zi4/m/it' undefined
(Font)              using `T1/zi4/m/n' instead on input line 46.



[92])
(/private/var/folders/xn/b123w0g13xl183z3_j397jhm0000gn/T/RtmpIWjxUY/Rd2pdf2217
14edbb67/Rd2.aux)

LaTeX Font Warning: Some font shapes were not available, defaults substituted.


Package rerunfilecheck Warning: File `Rd2.out' has changed.
(rerunfilecheck)                Rerun to get outlines right
(rerunfilecheck)                or use package `bookmark'.

 )
(see the transcript file for additional information)</usr/local/texlive/2025/te
xmf-dist/fonts/type1/public/inconsolata/Inconsolata-zi4r.pfb></usr/local/texliv
e/2025/texmf-dist/fonts/type1/public/amsfonts/cm/cmex10.pfb></usr/local/texlive
/2025/texmf-dist/fonts/type1/public/amsfonts/cmextra/cmex7.pfb></usr/local/texl
ive/2025/texmf-dist/fonts/type1/public/amsfonts/cm/cmmi10.pfb></usr/local/texli
ve/2025/texmf-dist/fonts/type1/public/amsfonts/cm/cmmi5.pfb></usr/local/texlive
/2025/texmf-dist/fonts/type1/public/amsfonts/cm/cmmi7.pfb></usr/local/texlive/2
025/texmf-dist/fonts/type1/public/amsfonts/cm/cmr10.pfb></usr/local/texlive/202
5/texmf-dist/fonts/type1/public/amsfonts/cm/cmr5.pfb></usr/local/texlive/2025/t
exmf-dist/fonts/type1/public/amsfonts/cm/cmr7.pfb></usr/local/texlive/2025/texm
f-dist/fonts/type1/public/amsfonts/cm/cmsy10.pfb></usr/local/texlive/2025/texmf
-dist/fonts/type1/public/amsfonts/cm/cmsy5.pfb></usr/local/texlive/2025/texmf-d
ist/fonts/type1/public/amsfonts/cm/cmsy7.pfb></usr/local/texlive/2025/texmf-dis
t/fonts/type1/urw/times/utmb8a.pfb></usr/local/texlive/2025/texmf-dist/fonts/ty
pe1/urw/times/utmr8a.pfb></usr/local/texlive/2025/texmf-dist/fonts/type1/urw/ti
mes/utmr8a.pfb></usr/local/texlive/2025/texmf-dist/fonts/type1/urw/times/utmri8
a.pfb>
Output written on Rd2.pdf (92 pages, 397452 bytes).
Transcript written on Rd2.log.
This is makeindex, version 2.17 [TeX Live 2025] (kpathsea + Thai support).
Scanning input file Rd2.idx....done (50 entries accepted, 0 rejected).
Sorting entries....done (308 comparisons).
Generating output file Rd2.ind....done (74 lines written, 0 warnings).
Output written in Rd2.ind.
Transcript written in Rd2.ilg.
This is pdfTeX, Version 3.141592653-2.6-1.40.27 (TeX Live 2025) (preloaded format=pdflatex)
 restricted \write18 enabled.
entering extended mode
LaTeX2e <2024-11-01> patch level 2
L3 programming layer <2025-04-14>
(./Rd2.tex
(/usr/local/texlive/2025/texmf-dist/tex/latex/base/book.cls
Document Class: book 2024/06/29 v1.4n Standard LaTeX document class
(/usr/local/texlive/2025/texmf-dist/tex/latex/base/bk10.clo))
(/Library/Frameworks/R.framework/Resources/share/texmf/tex/latex/Rd.sty
(/usr/local/texlive/2025/texmf-dist/tex/latex/base/ifthen.sty)
(/usr/local/texlive/2025/texmf-dist/tex/generic/iftex/iftex.sty)
(/usr/local/texlive/2025/texmf-dist/tex/latex/tools/longtable.sty)
(/usr/local/texlive/2025/texmf-dist/tex/latex/tools/bm.sty)
(/usr/local/texlive/2025/texmf-dist/tex/latex/base/alltt.sty)
(/usr/local/texlive/2025/texmf-dist/tex/latex/tools/verbatim.sty)
(/usr/local/texlive/2025/texmf-dist/tex/latex/url/url.sty)
(/usr/local/texlive/2025/texmf-dist/tex/latex/base/textcomp.sty)
(/usr/local/texlive/2025/texmf-dist/tex/latex/amsmath/amsmath.sty
For additional information on amsmath, use the `?' option.
(/usr/local/texlive/2025/texmf-dist/tex/latex/amsmath/amstext.sty
(/usr/local/texlive/2025/texmf-dist/tex/latex/amsmath/amsgen.sty))
(/usr/local/texlive/2025/texmf-dist/tex/latex/amsmath/amsbsy.sty)
(/usr/local/texlive/2025/texmf-dist/tex/latex/amsmath/amsopn.sty))
(/usr/local/texlive/2025/texmf-dist/tex/latex/amsfonts/amsfonts.sty)
(/usr/local/texlive/2025/texmf-dist/tex/latex/amsfonts/amssymb.sty)
(/usr/local/texlive/2025/texmf-dist/tex/latex/jknapltx/mathrsfs.sty)
(/usr/local/texlive/2025/texmf-dist/tex/latex/base/fontenc.sty)
(/usr/local/texlive/2025/texmf-dist/tex/latex/psnfss/times.sty)
(/usr/local/texlive/2025/texmf-dist/tex/latex/inconsolata/zi4.sty
`inconsolata-zi4' v1.12, 2019/05/17 Text macros for Inconsolata (msharpe)
(/usr/local/texlive/2025/texmf-dist/tex/latex/xkeyval/xkeyval.sty
(/usr/local/texlive/2025/texmf-dist/tex/generic/xkeyval/xkeyval.tex
(/usr/local/texlive/2025/texmf-dist/tex/generic/xkeyval/xkvutils.tex
(/usr/local/texlive/2025/texmf-dist/tex/generic/xkeyval/keyval.tex)))))
(/usr/local/texlive/2025/texmf-dist/tex/latex/graphics/color.sty
(/usr/local/texlive/2025/texmf-dist/tex/latex/graphics-cfg/color.cfg)
(/usr/local/texlive/2025/texmf-dist/tex/latex/graphics-def/pdftex.def)
(/usr/local/texlive/2025/texmf-dist/tex/latex/graphics/mathcolor.ltx))
(/usr/local/texlive/2025/texmf-dist/tex/latex/hyperref/hyperref.sty
(/usr/local/texlive/2025/texmf-dist/tex/latex/kvsetkeys/kvsetkeys.sty)
(/usr/local/texlive/2025/texmf-dist/tex/generic/kvdefinekeys/kvdefinekeys.sty)
(/usr/local/texlive/2025/texmf-dist/tex/generic/pdfescape/pdfescape.sty
(/usr/local/texlive/2025/texmf-dist/tex/generic/ltxcmds/ltxcmds.sty)
(/usr/local/texlive/2025/texmf-dist/tex/generic/pdftexcmds/pdftexcmds.sty
(/usr/local/texlive/2025/texmf-dist/tex/generic/infwarerr/infwarerr.sty)))
(/usr/local/texlive/2025/texmf-dist/tex/latex/hycolor/hycolor.sty)
(/usr/local/texlive/2025/texmf-dist/tex/latex/hyperref/nameref.sty
(/usr/local/texlive/2025/texmf-dist/tex/latex/refcount/refcount.sty)
(/usr/local/texlive/2025/texmf-dist/tex/generic/gettitlestring/gettitlestring.s
ty (/usr/local/texlive/2025/texmf-dist/tex/latex/kvoptions/kvoptions.sty)))
(/usr/local/texlive/2025/texmf-dist/tex/latex/etoolbox/etoolbox.sty)
(/usr/local/texlive/2025/texmf-dist/tex/generic/stringenc/stringenc.sty)
(/usr/local/texlive/2025/texmf-dist/tex/latex/hyperref/pd1enc.def)
(/usr/local/texlive/2025/texmf-dist/tex/generic/intcalc/intcalc.sty)
(/usr/local/texlive/2025/texmf-dist/tex/latex/hyperref/puenc.def)
(/usr/local/texlive/2025/texmf-dist/tex/generic/bitset/bitset.sty
(/usr/local/texlive/2025/texmf-dist/tex/generic/bigintcalc/bigintcalc.sty))
(/usr/local/texlive/2025/texmf-dist/tex/latex/base/atbegshi-ltx.sty))
(/usr/local/texlive/2025/texmf-dist/tex/latex/hyperref/hpdftex.def
(/usr/local/texlive/2025/texmf-dist/tex/latex/base/atveryend-ltx.sty)
(/usr/local/texlive/2025/texmf-dist/tex/latex/rerunfilecheck/rerunfilecheck.sty

(/usr/local/texlive/2025/texmf-dist/tex/generic/uniquecounter/uniquecounter.sty
)))) (/usr/local/texlive/2025/texmf-dist/tex/latex/base/makeidx.sty)
Writing index file Rd2.idx
(/usr/local/texlive/2025/texmf-dist/tex/latex/psnfss/t1ptm.fd)
(/usr/local/texlive/2025/texmf-dist/tex/latex/l3backend/l3backend-pdftex.def)
(/private/var/folders/xn/b123w0g13xl183z3_j397jhm0000gn/T/RtmpIWjxUY/Rd2pdf2217
14edbb67/Rd2.aux)
(/usr/local/texlive/2025/texmf-dist/tex/context/base/mkii/supp-pdf.mkii
[Loading MPS to PDF converter (version 2006.09.02).]
)
(/private/var/folders/xn/b123w0g13xl183z3_j397jhm0000gn/T/RtmpIWjxUY/Rd2pdf2217
14edbb67/Rd2.out)
(/private/var/folders/xn/b123w0g13xl183z3_j397jhm0000gn/T/RtmpIWjxUY/Rd2pdf2217
14edbb67/Rd2.out)
(/usr/local/texlive/2025/texmf-dist/tex/latex/inconsolata/t1zi4.fd)
(/private/var/folders/xn/b123w0g13xl183z3_j397jhm0000gn/T/RtmpIWjxUY/Rd2pdf2217
14edbb67/Rd2.toc (/usr/local/texlive/2025/texmf-dist/tex/latex/amsfonts/umsa.fd
) (/usr/local/texlive/2025/texmf-dist/tex/latex/amsfonts/umsb.fd)
(/usr/local/texlive/2025/texmf-dist/tex/latex/jknapltx/ursfs.fd)
[1{/usr/local/texlive/2025/texmf-var/fonts/map/pdftex/updmap/pdftex.map}{/usr/l
ocal/texlive/2025/texmf-dist/fonts/enc/dvips/base/8r.enc}{/usr/local/texlive/20
25/texmf-dist/fonts/enc/dvips/inconsolata/i4-t1-0.enc}])
[2] (/usr/local/texlive/2025/texmf-dist/tex/latex/psnfss/ts1ptm.fd)
[3]
[4]
[5]
[6]
[7]
[8]
[9]
[10]
[11]
[12]
[13]
[14]
[15]
[16]
[17]
[18]
[19]
Overfull \hbox (0.95804pt too wide) in paragraph at lines 1034--1035
[]\T1/ptm/m/n/10 Boolean in-di-cat-ing if the user al-ready pre-computed re-cei
ver in-de-gree and sender

[20]
[21]
[22] (/usr/local/texlive/2025/texmf-dist/tex/latex/inconsolata/ts1zi4.fd)
[23{/usr/local/texlive/2025/texmf-dist/fonts/enc/dvips/inconsolata/i4-ts1.enc}]

[24]
Overfull \hbox (23.21648pt too wide) in paragraph at lines 1279--1279
 []\T1/zi4/m/n/9 #"We set T1/2 to 30 days so that an event counts as (close to)
 one in the very next instant of time,[] 

Overfull \hbox (24.71954pt too wide) in paragraph at lines 1280--1280
 []\T1/zi4/m/n/9 #it counts as 1/2 one month later, it counts as 1/4 two months
 after the event, and so on. To reduce[] 

Overfull \hbox (27.72568pt too wide) in paragraph at lines 1282--1282
 []\T1/zi4/m/n/9 #zero if its value drops below 0.01. If a single event occurre
d in some dyad this would happen after[] 

[25]
[26]
[27]
Overfull \hbox (24.73795pt too wide) in paragraph at lines 1446--1446
 []   \T1/zi4/m/n/9 observed_receiver = events$target, # variable (column) name
 that contains the receiver variable[] 

Overfull \hbox (24.73795pt too wide) in paragraph at lines 1456--1456
 []   \T1/zi4/m/n/9 observed_receiver = events$target, # variable (column) name
 that contains the receiver variable[] 

Overfull \hbox (24.73795pt too wide) in paragraph at lines 1473--1473
 []   \T1/zi4/m/n/9 observed_receiver = events$target, # variable (column) name
 that contains the receiver variable[] 

Underfull \vbox (badness 10000) has occurred while \output is active
[28]
[29]
[30]
Overfull \hbox (6.73795pt too wide) in paragraph at lines 1642--1642
 []   \T1/zi4/m/n/9 observed_sender = events$sender, # variable (column) name t
hat contains the sender variable[] 

Overfull \hbox (24.73795pt too wide) in paragraph at lines 1643--1643
 []   \T1/zi4/m/n/9 observed_receiver = events$target, # variable (column) name
 that contains the receiver variable[] 

[31]
Overfull \hbox (6.73795pt too wide) in paragraph at lines 1654--1654
 []   \T1/zi4/m/n/9 observed_sender = events$sender, # variable (column) name t
hat contains the sender variable[] 

Overfull \hbox (24.73795pt too wide) in paragraph at lines 1655--1655
 []   \T1/zi4/m/n/9 observed_receiver = events$target, # variable (column) name
 that contains the receiver variable[] 

Overfull \hbox (6.73795pt too wide) in paragraph at lines 1673--1673
 []   \T1/zi4/m/n/9 observed_sender = events$sender, # variable (column) name t
hat contains the sender variable[] 

Overfull \hbox (24.73795pt too wide) in paragraph at lines 1674--1674
 []   \T1/zi4/m/n/9 observed_receiver = events$target, # variable (column) name
 that contains the receiver variable[] 

[32]
[33]
[34]
Overfull \hbox (6.73795pt too wide) in paragraph at lines 1847--1847
 []   \T1/zi4/m/n/9 observed_sender = events$sender, # variable (column) name t
hat contains the sender variable[] 

Overfull \hbox (24.73795pt too wide) in paragraph at lines 1848--1848
 []   \T1/zi4/m/n/9 observed_receiver = events$target, # variable (column) name
 that contains the receiver variable[] 

[35]
Overfull \hbox (6.73795pt too wide) in paragraph at lines 1859--1859
 []   \T1/zi4/m/n/9 observed_sender = events$sender, # variable (column) name t
hat contains the sender variable[] 

Overfull \hbox (24.73795pt too wide) in paragraph at lines 1860--1860
 []   \T1/zi4/m/n/9 observed_receiver = events$target, # variable (column) name
 that contains the receiver variable[] 

Overfull \hbox (6.73795pt too wide) in paragraph at lines 1878--1878
 []   \T1/zi4/m/n/9 observed_sender = events$sender, # variable (column) name t
hat contains the sender variable[] 

Overfull \hbox (24.73795pt too wide) in paragraph at lines 1879--1879
 []   \T1/zi4/m/n/9 observed_receiver = events$target, # variable (column) name
 that contains the receiver variable[] 

[36]
[37]
[38]
Overfull \hbox (6.73795pt too wide) in paragraph at lines 2057--2057
 []   \T1/zi4/m/n/9 observed_sender = events$sender, # variable (column) name t
hat contains the sender variable[] 

Overfull \hbox (24.73795pt too wide) in paragraph at lines 2058--2058
 []   \T1/zi4/m/n/9 observed_receiver = events$target, # variable (column) name
 that contains the receiver variable[] 

[39]
Overfull \hbox (6.73795pt too wide) in paragraph at lines 2069--2069
 []   \T1/zi4/m/n/9 observed_sender = events$sender, # variable (column) name t
hat contains the sender variable[] 

Overfull \hbox (24.73795pt too wide) in paragraph at lines 2070--2070
 []   \T1/zi4/m/n/9 observed_receiver = events$target, # variable (column) name
 that contains the receiver variable[] 

Overfull \hbox (6.73795pt too wide) in paragraph at lines 2088--2088
 []   \T1/zi4/m/n/9 observed_sender = events$sender, # variable (column) name t
hat contains the sender variable[] 

Overfull \hbox (24.73795pt too wide) in paragraph at lines 2089--2089
 []   \T1/zi4/m/n/9 observed_receiver = events$target, # variable (column) name
 that contains the receiver variable[] 

[40]
[41]
[42]
Overfull \hbox (6.73795pt too wide) in paragraph at lines 2263--2263
 []   \T1/zi4/m/n/9 observed_sender = events$sender, # variable (column) name t
hat contains the sender variable[] 

Overfull \hbox (24.73795pt too wide) in paragraph at lines 2264--2264
 []   \T1/zi4/m/n/9 observed_receiver = events$target, # variable (column) name
 that contains the receiver variable[] 

Overfull \hbox (6.73795pt too wide) in paragraph at lines 2275--2275
 []   \T1/zi4/m/n/9 observed_sender = events$sender, # variable (column) name t
hat contains the sender variable[] 

Overfull \hbox (24.73795pt too wide) in paragraph at lines 2276--2276
 []   \T1/zi4/m/n/9 observed_receiver = events$target, # variable (column) name
 that contains the receiver variable[] 

[43]
Overfull \hbox (6.73795pt too wide) in paragraph at lines 2294--2294
 []   \T1/zi4/m/n/9 observed_sender = events$sender, # variable (column) name t
hat contains the sender variable[] 

Overfull \hbox (24.73795pt too wide) in paragraph at lines 2295--2295
 []   \T1/zi4/m/n/9 observed_receiver = events$target, # variable (column) name
 that contains the receiver variable[] 

[44]
[45]
[46]
Overfull \hbox (6.73795pt too wide) in paragraph at lines 2469--2469
 []   \T1/zi4/m/n/9 observed_sender = events$sender, # variable (column) name t
hat contains the sender variable[] 

Overfull \hbox (24.73795pt too wide) in paragraph at lines 2470--2470
 []   \T1/zi4/m/n/9 observed_receiver = events$target, # variable (column) name
 that contains the receiver variable[] 

Overfull \hbox (6.73795pt too wide) in paragraph at lines 2481--2481
 []   \T1/zi4/m/n/9 observed_sender = events$sender, # variable (column) name t
hat contains the sender variable[] 

Overfull \hbox (24.73795pt too wide) in paragraph at lines 2482--2482
 []   \T1/zi4/m/n/9 observed_receiver = events$target, # variable (column) name
 that contains the receiver variable[] 

Underfull \vbox (badness 10000) has occurred while \output is active
[47]
Overfull \hbox (6.73795pt too wide) in paragraph at lines 2500--2500
 []   \T1/zi4/m/n/9 observed_sender = events$sender, # variable (column) name t
hat contains the sender variable[] 

Overfull \hbox (24.73795pt too wide) in paragraph at lines 2501--2501
 []   \T1/zi4/m/n/9 observed_receiver = events$target, # variable (column) name
 that contains the receiver variable[] 

[48]
[49]
[50]
Overfull \hbox (6.73795pt too wide) in paragraph at lines 2671--2671
 []   \T1/zi4/m/n/9 observed_sender = events$sender, # variable (column) name t
hat contains the sender variable[] 

Overfull \hbox (24.73795pt too wide) in paragraph at lines 2672--2672
 []   \T1/zi4/m/n/9 observed_receiver = events$target, # variable (column) name
 that contains the receiver variable[] 

Overfull \hbox (6.73795pt too wide) in paragraph at lines 2683--2683
 []   \T1/zi4/m/n/9 observed_sender = events$sender, # variable (column) name t
hat contains the sender variable[] 

Overfull \hbox (24.73795pt too wide) in paragraph at lines 2684--2684
 []   \T1/zi4/m/n/9 observed_receiver = events$target, # variable (column) name
 that contains the receiver variable[] 

Overfull \hbox (6.73795pt too wide) in paragraph at lines 2702--2702
 []   \T1/zi4/m/n/9 observed_sender = events$sender, # variable (column) name t
hat contains the sender variable[] 

Overfull \hbox (24.73795pt too wide) in paragraph at lines 2703--2703
 []   \T1/zi4/m/n/9 observed_receiver = events$target, # variable (column) name
 that contains the receiver variable[] 

Underfull \vbox (badness 10000) has occurred while \output is active
[51]
[52]
[53]
Overfull \hbox (6.73795pt too wide) in paragraph at lines 2867--2867
 []   \T1/zi4/m/n/9 observed_sender = events$sender, # variable (column) name t
hat contains the sender variable[] 

Overfull \hbox (6.73795pt too wide) in paragraph at lines 2877--2877
 []   \T1/zi4/m/n/9 observed_sender = events$sender, # variable (column) name t
hat contains the sender variable[] 

[54]
Overfull \hbox (6.73795pt too wide) in paragraph at lines 2894--2894
 []   \T1/zi4/m/n/9 observed_sender = events$sender, # variable (column) name t
hat contains the sender variable[] 

[55]
[56]
[57]
[58]
[59]
[60]
[61]
Underfull \vbox (badness 10000) has occurred while \output is active
[62]
[63]
[64]
[65]
Overfull \hbox (18.74408pt too wide) in paragraph at lines 3464--3464
 [] \T1/zi4/m/n/9 observed_receiver = events$target, # variable (column) name t
hat contains the receiver variable[] 

[66]
Overfull \hbox (18.74408pt too wide) in paragraph at lines 3478--3478
 [] \T1/zi4/m/n/9 observed_receiver = events$target, # variable (column) name t
hat contains the receiver variable[] 

Underfull \vbox (badness 10000) has occurred while \output is active
[67]
[68]
[69]
[70]
Overfull \hbox (6.73795pt too wide) in paragraph at lines 3707--3707
 []   \T1/zi4/m/n/9 observed_sender = events$sender, # variable (column) name t
hat contains the sender variable[] 

Overfull \hbox (24.73795pt too wide) in paragraph at lines 3708--3708
 []   \T1/zi4/m/n/9 observed_receiver = events$target, # variable (column) name
 that contains the receiver variable[] 

Overfull \hbox (6.73795pt too wide) in paragraph at lines 3719--3719
 []   \T1/zi4/m/n/9 observed_sender = events$sender, # variable (column) name t
hat contains the sender variable[] 

Overfull \hbox (24.73795pt too wide) in paragraph at lines 3720--3720
 []   \T1/zi4/m/n/9 observed_receiver = events$target, # variable (column) name
 that contains the receiver variable[] 

Overfull \hbox (6.73795pt too wide) in paragraph at lines 3738--3738
 []   \T1/zi4/m/n/9 observed_sender = events$sender, # variable (column) name t
hat contains the sender variable[] 

Overfull \hbox (24.73795pt too wide) in paragraph at lines 3739--3739
 []   \T1/zi4/m/n/9 observed_receiver = events$target, # variable (column) name
 that contains the receiver variable[] 

Underfull \vbox (badness 10000) has occurred while \output is active
[71]
[72]
[73]
[74]
[75]
[76]
[77]
Overfull \hbox (6.73795pt too wide) in paragraph at lines 4105--4105
 []   \T1/zi4/m/n/9 observed_sender = events$sender, # variable (column) name t
hat contains the sender variable[] 

Overfull \hbox (24.73795pt too wide) in paragraph at lines 4106--4106
 []   \T1/zi4/m/n/9 observed_receiver = events$target, # variable (column) name
 that contains the receiver variable[] 

Overfull \hbox (6.73795pt too wide) in paragraph at lines 4117--4117
 []   \T1/zi4/m/n/9 observed_sender = events$sender, # variable (column) name t
hat contains the sender variable[] 

Overfull \hbox (24.73795pt too wide) in paragraph at lines 4118--4118
 []   \T1/zi4/m/n/9 observed_receiver = events$target, # variable (column) name
 that contains the receiver variable[] 

[78]
Overfull \hbox (6.73795pt too wide) in paragraph at lines 4136--4136
 []   \T1/zi4/m/n/9 observed_sender = events$sender, # variable (column) name t
hat contains the sender variable[] 

Overfull \hbox (24.73795pt too wide) in paragraph at lines 4137--4137
 []   \T1/zi4/m/n/9 observed_receiver = events$target, # variable (column) name
 that contains the receiver variable[] 

[79]
[80]
[81]
[82]
[83]
[84]
[85]
[86]
[87]
[88]
Overfull \hbox (11.24715pt too wide) in paragraph at lines 4733--4733
 []\T1/zi4/m/n/9 tm.redundancy(BCNet) #this values replicate those reported by 
Burchard and Cornwell (2018: 14)[] 

[89]
[90]
(/private/var/folders/xn/b123w0g13xl183z3_j397jhm0000gn/T/RtmpIWjxUY/Rd2pdf2217
14edbb67/Rd2.ind
[91]

LaTeX Font Warning: Font shape `T1/zi4/m/it' undefined
(Font)              using `T1/zi4/m/n' instead on input line 46.



[92])
(/private/var/folders/xn/b123w0g13xl183z3_j397jhm0000gn/T/RtmpIWjxUY/Rd2pdf2217
14edbb67/Rd2.aux)

LaTeX Font Warning: Some font shapes were not available, defaults substituted.

 )
(see the transcript file for additional information)</usr/local/texlive/2025/te
xmf-dist/fonts/type1/public/inconsolata/Inconsolata-zi4r.pfb></usr/local/texliv
e/2025/texmf-dist/fonts/type1/public/amsfonts/cm/cmex10.pfb></usr/local/texlive
/2025/texmf-dist/fonts/type1/public/amsfonts/cmextra/cmex7.pfb></usr/local/texl
ive/2025/texmf-dist/fonts/type1/public/amsfonts/cm/cmmi10.pfb></usr/local/texli
ve/2025/texmf-dist/fonts/type1/public/amsfonts/cm/cmmi5.pfb></usr/local/texlive
/2025/texmf-dist/fonts/type1/public/amsfonts/cm/cmmi7.pfb></usr/local/texlive/2
025/texmf-dist/fonts/type1/public/amsfonts/cm/cmr10.pfb></usr/local/texlive/202
5/texmf-dist/fonts/type1/public/amsfonts/cm/cmr5.pfb></usr/local/texlive/2025/t
exmf-dist/fonts/type1/public/amsfonts/cm/cmr7.pfb></usr/local/texlive/2025/texm
f-dist/fonts/type1/public/amsfonts/cm/cmsy10.pfb></usr/local/texlive/2025/texmf
-dist/fonts/type1/public/amsfonts/cm/cmsy5.pfb></usr/local/texlive/2025/texmf-d
ist/fonts/type1/public/amsfonts/cm/cmsy7.pfb></usr/local/texlive/2025/texmf-dis
t/fonts/type1/urw/times/utmb8a.pfb></usr/local/texlive/2025/texmf-dist/fonts/ty
pe1/urw/times/utmr8a.pfb></usr/local/texlive/2025/texmf-dist/fonts/type1/urw/ti
mes/utmr8a.pfb></usr/local/texlive/2025/texmf-dist/fonts/type1/urw/times/utmri8
a.pfb>
Output written on Rd2.pdf (92 pages, 397805 bytes).
Transcript written on Rd2.log.
Saving output to redr-manual.pdf ...
Done
You may want to clean up by 'rm -Rf /var/folders/xn/b123w0g13xl183z3_j397jhm0000gn/T//RtmpIWjxUY/Rd2pdf221714edbb67'
